20230508	11:25:13	5f7ea990-6d4c-4a09-994c-736d38272bc8	PATCH	/users	undefined
20230508	11:25:24	872e5379-66c7-4be4-adb0-e460c8a7f88d	GET	/	undefined
20230508	11:25:29	dabf1b99-1259-408a-9f8a-4e9ca6f82ef4	GET	/	undefined
20230508	11:25:30	a5c1856f-7585-4513-a336-38501f051c2e	GET	/	undefined
20230508	11:25:30	27f2a916-487a-436e-9b92-44b7d9d9936a	GET	/	undefined
20230508	11:25:31	4d730084-a8ae-457b-b5d4-1cc5c614be5d	GET	/	undefined
20230508	11:25:31	fa3b850c-bb70-4ffd-a7db-8e76b8865215	GET	/	undefined
20230508	11:28:41	3c93b32d-db7b-4354-980c-dde7ae98aac3	GET	/	undefined
20230508	11:28:41	a9231680-b5d7-47ac-a380-ec105d15a8c3	GET	/css/style.css	undefined
20230508	11:28:42	9f15c8cd-6031-45f8-a90d-66169059404b	GET	/favicon.ico	undefined
20230508	11:29:29	e924e87a-ae2e-4de2-847c-58dfb5839e5c	GET	/	undefined
20230508	11:29:29	66da796d-eeb5-4ba3-a53a-77fc9f063bd8	GET	/css/style.css	undefined
20230508	11:30:53	bbd0258f-5e44-4ce3-8b7e-a914a7b6d1b7	GET	/	undefined
20230508	11:30:53	1c0c286c-b88c-45cb-b39b-e04ffdcf0df8	GET	/css/style.css	undefined
20230508	11:30:53	f9f6aa4c-5592-4afa-90ce-31f6f235acb4	GET	/favicon.ico	undefined
20230508	11:59:03	eb7d7f10-5e2a-4038-bc54-f32c72ce53ad	GET	/nomsa	undefined
20230508	11:59:03	23bf453e-b2f8-4f93-8ed2-5db548cccb6a	GET	/css/style.css	undefined
20230508	11:59:15	6e57ce29-486b-483e-84ff-dc32ca9bcdb8	GET	/	undefined
20230508	11:59:15	fe831459-e1a2-42fe-ad94-be114ebab039	GET	/css/style.css	undefined
20230508	14:37:26	cd7ff071-3afa-42d5-8769-51e42c5897c5	GET	/	undefined
20230508	14:37:26	ce227c70-4997-458a-84d7-74f941a25b0a	GET	/css/style.css	undefined
20230508	14:37:28	21ef0e9a-6eac-4301-bd57-d8473dc5c0bd	GET	/	undefined
20230508	14:37:28	afb6ac49-fa83-40ab-9090-d806dabe8847	GET	/css/style.css	undefined
20230508	14:37:29	cfb8662d-73c6-42b5-b97b-71bbd4b62070	GET	/	undefined
20230508	14:37:29	8fd5bdee-486c-4ae8-b343-78fcdaa57e44	GET	/css/style.css	undefined
20230508	14:37:29	8e48178a-f853-4f74-bebe-c8874713c642	GET	/	undefined
20230508	14:37:29	aa892360-0ed5-4e1f-ac3e-b3f6c7e74101	GET	/css/style.css	undefined
20230508	14:37:29	d41d85cb-7e10-48a4-b06c-1e60ff47d114	GET	/	undefined
20230508	14:37:29	26aad1bb-8cb8-49a3-b444-44f9724fad46	GET	/css/style.css	undefined
20230508	14:37:30	144be735-0668-432f-ae28-ea2ef4b53e8b	GET	/	undefined
20230508	14:37:30	26fcdec4-c644-4c06-962c-2513302891af	GET	/css/style.css	undefined
20230508	14:37:30	e17a93a3-8c84-488a-aa82-c195f68ab33b	GET	/	undefined
20230508	14:37:30	15772966-6cab-44b1-818c-074730cfc52f	GET	/css/style.css	undefined
20230508	14:37:31	33b61c4f-b9ed-4a99-b936-448132679145	GET	/	undefined
20230508	14:37:31	eb364446-4e80-4b8f-81e6-e80b1ebe33e1	GET	/css/style.css	undefined
20230508	14:37:32	bb45a5cc-be3a-4697-ac5b-2341f18ca717	GET	/	undefined
20230508	14:37:32	f7a13d01-ba80-4498-b218-83de9552a405	GET	/css/style.css	undefined
20230508	15:29:59	17a8889b-7753-4407-968e-b23f3c337542	GET	/users	undefined
20230508	15:31:40	e064ab47-6012-4223-a0e2-90d7b2df43b7	POST	/users	undefined
20230508	15:31:46	3838d77a-cf5f-4ac6-9de8-12fe4f921240	POST	/users	undefined
20230508	15:33:19	e83f937d-5fe4-44fb-af4a-753cae9125e6	POST	/users	undefined
20230508	15:35:06	c13e6a3a-581b-485a-9912-e0a96a91176a	POST	/users	undefined
20230508	15:38:36	e9d7fb14-2352-4a03-b2ca-80457595b3e0	POST	/users	undefined
20230508	15:52:54	7d068919-5759-49b6-9fa8-65d1306f5a29	GET	/	undefined
20230508	15:52:54	4adb982a-95c4-402c-9567-aab7005c05c1	GET	/css/style.css	undefined
20230508	15:54:26	6f5864eb-142a-49ea-b40b-2a8ae6615af5	GET	/users	undefined
20230509	10:36:37	a5cc6321-599f-4a77-bdd9-64a7b459e534	GET	/products	undefined
20230509	10:36:38	959c38e5-7694-4050-bdb1-83acadd57954	GET	/css/style.css	undefined
20230509	10:41:42	fb26941d-1a42-4a06-aeba-134ad8bf0e87	GET	/products	undefined
<<<<<<< HEAD
20230509	11:52:22	05f79857-130a-47ca-85ee-52e5994014ca	POST	/products	undefined
20230509	11:52:38	9f437058-7b89-4fd9-8cfc-003e8313d0c0	POST	/products	undefined
20230509	11:58:35	dc779aa4-f6a0-4adc-9ef2-1d794fda696b	POST	/products	undefined
20230509	12:39:36	e13d8ba4-551d-47f9-a599-87f4ed670543	GET	/products/645a194bb7549a7ee4f9b81f	undefined
20230509	12:39:36	4ee3dc9e-b7d6-4014-934e-c5dff92e8069	GET	/products/css/style.css	undefined
20230509	12:39:46	ba1552dc-52b7-4466-adcc-66e71125a360	GET	/productsId/645a194bb7549a7ee4f9b81f	undefined
20230509	12:39:46	cdffb3fb-92f6-4ecb-aa7c-fd2667966f10	GET	/productsId/css/style.css	undefined
20230509	12:40:03	170eee28-d3e6-4c48-9b28-26fc9d3a29f6	GET	/productsId/645a194bb7549a7ee4f9b81f	undefined
20230509	12:40:03	e0d46751-3f41-4cc6-8751-462771e5bf03	GET	/productsId/css/style.css	undefined
20230509	12:40:27	28a13973-477e-438f-b06b-cc8e79e1aa84	GET	/productsId/645a194bb7549a7ee4f9b81f	undefined
20230509	12:40:27	432272df-59f1-4400-8fee-7e97f9053511	GET	/productsId/css/style.css	undefined
20230509	12:42:42	59afccd3-76a6-4d28-b1d7-f384c003ac0d	GET	/products/645a194bb7549a7ee4f9b81f	undefined
20230509	12:42:42	d3919bbb-75c7-4105-89a7-268d6a4b2881	GET	/products/css/style.css	undefined
20230509	12:42:44	2e255063-3c7b-431d-82fb-34bcf8b3730d	GET	/products/645a194bb7549a7ee4f9b81f	undefined
20230509	12:42:44	f50842be-1368-4998-8106-8741d11cae83	GET	/products/css/style.css	undefined
20230509	12:49:17	f5bb408c-038c-4c13-b9c2-6c0f054de118	GET	/products/645a194bb7549a7ee4f9b81f	undefined
20230509	12:49:17	3b29cd9e-ad2b-4335-a774-ac9deea3409a	GET	/products/css/style.css	undefined
20230509	12:49:29	81f920cb-bc09-4d76-999d-baaa62599d09	GET	/productsId/645a194bb7549a7ee4f9b81f	undefined
20230509	12:49:29	0ed7f32e-0613-42a6-810a-82e2f9ac32c4	GET	/productsId/css/style.css	undefined
20230509	12:49:52	b6694d72-2cc2-4a89-974a-8f74e3959aff	GET	/getProductById/645a194bb7549a7ee4f9b81f	undefined
20230509	12:49:52	6da468a1-f4db-4a2b-9860-3c6c3e98842c	GET	/getProductById/css/style.css	undefined
20230509	12:52:44	0170d1a0-053c-4ad8-a2e7-73fc90cfad44	GET	/getProductById/645a194bb7549a7ee4f9b81f	undefined
20230509	12:52:44	1e24cfd9-169c-48a1-ab6b-dccb31a2c060	GET	/getProductById/css/style.css	undefined
20230509	13:06:14	b7ddd92b-e6ce-461d-bac2-26ab1011fa80	GET	/getProductById/645a194bb7549a7ee4f9b81f	undefined
20230509	13:06:14	832d94d9-161c-4eba-ba45-c70c3a178169	GET	/getProductById/css/style.css	undefined
20230509	13:06:30	3dabc076-6f86-43ae-b981-c70ad4f70006	GET	/products/645a194bb7549a7ee4f9b81f	undefined
20230509	13:07:27	55d095b0-46d0-4de8-a35d-7fd6749ef63c	GET	/products/645a194bb7549a7ee4f9b81f	undefined
20230509	13:12:37	2f1b3535-9ca4-4426-a52b-cfc479344492	GET	/products/645a194bb7549a7ee4f9b81f	undefined
20230509	13:16:53	aa5da184-6939-4427-92c8-e8363e4d685f	GET	/products/645a194bb7549a7ee4f9b81f	undefined
20230509	13:17:57	30b3908f-48eb-429a-ac33-f564a4a6a39a	GET	/products/	undefined
20230509	13:18:10	1fe86318-ed41-4ccb-b3cf-0b6ea7e2429b	GET	/products/645a194bb7549a7ee4f9b81f	undefined
20230509	13:21:32	b861b42c-f4de-43b5-afdf-23b709f063cf	GET	/products/645a194bb7549a7ee4f9b81f	undefined
20230509	13:22:15	3c49cde7-f795-4fb2-92b5-9acae6f3b136	GET	/products/645a194bb7549a7ee4f9b81f	undefined
20230509	13:23:00	e4ade362-68d4-4dd8-a9b9-f71457684474	GET	/products/645a194bb7549a7ee4f9b81f	undefined
20230509	13:24:10	93735ca1-6dd0-4555-b688-ddc3527e56e4	GET	/products/645a194bb7549a7ee4f9b81f	undefined
20230509	13:24:17	ba52a782-d92b-4a95-8773-434c388e83be	GET	/products/645a194bb7549a7ee4f9b81f	undefined
20230509	13:24:19	b4abb0b2-460c-4404-9b08-00be4f4724e6	GET	/products/645a194bb7549a7ee4f9b81f	undefined
20230509	13:24:21	003347a2-5b48-4e80-aacf-64ec1033cd58	GET	/products/645a194bb7549a7ee4f9b81f	undefined
20230509	13:24:47	42779d39-6146-4c7c-be64-8641935cc4bd	GET	/products/645a194bb7549a7ee4f9b81f	undefined
20230509	13:25:35	8e8afe06-0c53-4c26-bf2d-52d91c3b5973	GET	/products/645a194bb7549a7ee4f9b81f	undefined
20230509	13:25:42	faa46e60-a8ae-4f2b-8fa8-e22411259df3	GET	/products/645a194bb7549a7ee4f9b81fee	undefined
20230509	13:26:30	b1c369fa-8261-4e17-94f1-566d3869cbcb	GET	/products/645a194bb7549a7ee4f9b81fee	undefined
20230509	13:26:35	93f587e5-ab20-4a88-a3e0-e45d6c24e68f	GET	/products/645a194bb7549a7ee4f9b81f	undefined
20230509	13:26:38	aad0b898-332c-41d5-81eb-f743ffa1ec60	GET	/products/645a194bb7549a7ee4f9b81foo	undefined
20230509	13:27:05	8d49548f-5135-40c4-a3b9-415e7f3b0959	GET	/products/645a194bb7549a7ee4f9b81f	undefined
20230509	13:27:49	1bcf7966-284c-4633-974f-35e2794a46a9	GET	/products/645a194bb7549a7ee4f9b81f	undefined
20230509	13:29:36	1f433472-0fc4-4906-890e-372bfe882979	GET	/products/645a194bb7549a7ee4f9b81f	undefined
20230509	13:30:00	b997c20c-a38b-4482-be67-4fb77df45b90	GET	/products/645a194bb7549a7ee4f9b81f	undefined
20230509	13:30:03	87155e37-ab0b-452c-841b-e8b6fc9aff24	GET	/products/645a194bb7549a7ee4f9b81f	undefined
20230509	13:30:04	2aaeb19e-8159-44fe-ab9e-07e55b49a79a	GET	/products/645a194bb7549a7ee4f9b81f	undefined
20230509	13:30:08	7f7becfa-9e18-4cb3-b92d-64bc65dc41ad	GET	/products/645a194bb7549a7ee4f9b81fmm	undefined
20230509	13:31:32	5318c8ae-9740-419e-a9c8-db8b6b36a715	GET	/products/645a194bb7549a7ee4f9b81fmm	undefined
20230509	13:31:38	0d72bca8-1b5c-41d1-88da-3db0a72a2f2c	GET	/products/645a194bb7549a7ee4f9b81f	undefined
20230509	13:47:03	d4db8cf0-c403-434c-b0ca-efae0bb12840	DELETE	/products/645a194bb7549a7ee4f9b81f	undefined
20230509	13:47:34	d83c9196-df2b-46fb-85c3-c95d22880429	DELETE	/products/645a194bb7549a7ee4f9b81f	undefined
20230509	13:48:02	d820802d-a3aa-4e4d-9114-60fe504bb08b	DELETE	/products/645a194bb7549a7ee4f9b81f	undefined
20230509	13:52:23	6f7bff15-201e-4950-a157-c3d7c08940a2	DELETE	/products/645a194bb7549a7ee4f9b81f	undefined
20230509	13:52:24	d5a85439-8e55-4a43-bbaf-2875c06a536f	DELETE	/products/645a194bb7549a7ee4f9b81f	undefined
20230509	13:52:25	24901364-839c-4906-9bde-b775274fe06f	DELETE	/products/645a194bb7549a7ee4f9b81f	undefined
20230509	13:53:08	0c0ee99e-13c8-4178-86cc-b41c1b076395	GET	/products/645a194bb7549a7ee4f9b81f	undefined
20230509	13:53:16	74425806-f011-470f-aa4e-40a955249bf2	DELETE	/products/645a194bb7549a7ee4f9b81f	undefined
20230509	13:54:10	c90d3066-9836-4601-9bea-c40fe5acfda9	DELETE	/products/645a194bb7549a7ee4f9b81f	undefined
20230509	14:02:18	d03e30ee-a7b8-4350-b28f-020a2ef554ca	GET	/products/645a194bb7549a7ee4f9b81f	undefined
20230509	15:31:52	c1629802-a336-4597-ab69-7c4ceeec1709	DELETE	/products/645a194bb7549a7ee4f9b81f	undefined
20230509	15:32:32	aae0976a-9bd4-427c-9967-070bcff77b60	GET	/products/645a194bb7549a7ee4f9b81f	undefined
20230509	15:32:53	2090e7a9-173b-4de2-aabd-14cfcb7d39a4	GET	/products/645a194bb7549a7ee4f9b81f	undefined
20230509	15:37:32	c813d095-aad3-4d30-9106-893c4255b4ce	DELETE	/products/645a194bb7549a7ee4f9b81f	undefined
=======
20230509	12:49:43	c462c113-be2e-45e2-b6cd-4b418f102be6	POST	/users/1	undefined
20230509	12:51:00	5990222c-1ee2-44a5-9272-51c48bf84a1f	POST	/users/645a194bb7549a7ee4f9b81f	undefined
20230509	12:51:01	64da2d10-714c-4909-9a1f-54157d9d6365	POST	/users/645a194bb7549a7ee4f9b81f	undefined
20230509	13:20:20	eefe5dac-5c45-434a-82d9-01daa4732389	DELETE	/users/645a194bb7549a7ee4f9b81f	undefined
20230509	13:21:01	d992d76a-60f9-4d17-83ef-c2687e5110cc	DELETE	/users/645a194bb7549a7ee4f9b81f	undefined
20230509	13:21:23	921f486f-9fc7-40ab-a444-e1295d2b98e8	DELETE	/users/645a194bb7549a7ee4f9b81f	undefined
20230509	13:21:40	58ddb16d-9fcf-4e43-b524-b9a188c08cca	DELETE	/users	undefined
20230509	13:21:49	6fa07d7e-347f-4884-bef0-a1bf74340788	DELETE	/users	undefined
20230509	13:21:57	cc90a022-254e-4b06-9dd2-7ae4f2e144a1	DELETE	/users	undefined
20230509	13:22:03	327fa2a9-a600-4aa2-ab5e-f8bdaccc40c4	DELETE	/users	undefined
20230509	13:22:07	5920a601-032c-41c4-b08d-1c1b0e79edc5	DELETE	/users	undefined
20230509	13:23:45	962dd7d0-ce69-4463-9598-51ee02738764	DELETE	/users	undefined
20230509	13:25:51	74522b8a-cf44-416e-bd37-48b8d55d6ccc	POST	/users	undefined
20230509	13:26:41	63a71112-6f48-4e26-b999-c44d0ed72e91	POST	/users	undefined
20230509	13:27:31	c6481861-0ba9-49fd-a88d-176b543ad80b	POST	/users	undefined
20230509	13:32:12	57a82d78-5964-4919-b006-d23639249ed6	POST	/users	undefined
>>>>>>> 560db15ecce2752269093db980ebd4f3752408f2
20230512	05:23:10	28e556a1-ccdc-4c16-92c0-1800ea94a83b	POST	/users	undefined
20230512	05:23:27	6957c8b5-3397-482f-9d9f-928834dc80eb	POST	/users	undefined
20230512	05:25:13	7492e669-8078-467c-a64a-ba8fa4dc2ae3	POST	/users	undefined
20230512	05:27:25	5f2e95e7-c81c-4f48-8f8d-bf55d2540a0d	POST	/users	undefined
20230512	05:27:42	628bdbb5-cd36-4e32-8737-6fdaf84aa1df	GET	/users	undefined
20230513	14:24:02	7364769b-adb7-458f-8da2-33c3efe16413	GET	/products	http://localhost:4200
20230513	14:25:21	c1b336c8-3005-4fcf-9e70-4eb47c763c04	GET	/products	http://localhost:4200
20230513	14:25:21	f5ff1a9a-b7a9-4ced-8670-4f2545483f70	GET	/products	http://localhost:4200
20230513	14:25:55	249c36dd-27e4-47da-af17-93db14e020f6	GET	/products	http://localhost:4200
20230513	14:25:55	03bc302f-da26-4724-b84a-a8ac827c08bd	GET	/products	http://localhost:4200
20230513	14:27:14	0103316e-e841-4e40-8720-c30bdb7efb46	GET	/products	http://localhost:4200
20230513	14:27:15	b9aa9519-cb0b-4d66-b962-498a14147405	GET	/products	http://localhost:4200
20230513	14:28:50	a4f0cc56-b967-4e0f-b8d3-3ffaac5aab0e	GET	/products	http://localhost:4200
20230513	14:28:50	38db9840-0083-4291-9d38-5adb05d64304	GET	/products	http://localhost:4200
20230513	14:28:52	399d7978-07ab-4ce4-bd34-c51cf1219269	GET	/products	http://localhost:4200
20230513	14:32:56	83506bd8-a5c6-44fa-b4a9-5ae2b20d4a15	GET	/products	http://localhost:4200
20230513	14:32:56	c00e9bbc-ff07-427f-90b3-f59b8edc10d2	GET	/products	http://localhost:4200
20230513	14:33:50	ab1ac049-ec9e-4e02-9b4c-2e45328d9c5c	GET	/products	http://localhost:4200
20230513	14:33:53	8a278ccb-6958-4dcf-b9d6-a11a7f9b3b68	GET	/products	http://localhost:4200
20230513	14:35:56	173c5c4a-e70c-4217-bf6c-91a8038bf90a	GET	/products	http://localhost:4200
20230513	14:36:01	0fed45bc-51c1-449b-a0ef-30745bf09373	GET	/products	http://localhost:4200
20230513	14:36:05	8dde6826-55d6-449b-bc08-b5409a752797	GET	/products	http://localhost:4200
20230513	14:36:06	8601431d-a888-487d-a2bd-84a089af1997	GET	/products	http://localhost:4200
20230513	14:36:06	1d1e3e73-5359-428f-9b2a-9cf542e495c3	GET	/products	http://localhost:4200
20230513	14:36:06	17cbcb3b-0aff-4687-9de5-e707c4b268a2	GET	/products	http://localhost:4200
20230513	14:36:45	f5520a89-21cf-42cc-9015-9b7e4ba1aee4	GET	/products	http://localhost:4200
20230513	14:36:45	2fc3bfa3-73f2-4ce5-b76b-93bc39762b07	GET	/products	http://localhost:4200
20230513	14:36:55	bcb42150-9c18-4a74-a232-70a5d323a23a	GET	/products	http://localhost:4200
20230513	14:36:55	c5b1d1c5-7109-4e3a-a39b-77893c43cdbc	GET	/products	http://localhost:4200
20230513	14:37:26	f1f1cda2-eeae-425a-9c9c-e540822ae728	GET	/products	http://localhost:4200
20230513	14:37:26	cd020e6e-0c0d-4119-a76f-dda6302effae	GET	/products	http://localhost:4200
20230513	14:37:43	c874d734-cd83-4c78-8370-063a601f6c90	GET	/products	http://localhost:4200
20230513	14:38:00	a1351779-271a-4a83-8b12-32192d8372ab	GET	/products	http://localhost:4200
20230513	14:38:00	003a80fa-7fa9-42ed-8fce-b966fd2e569e	GET	/products	http://localhost:4200
20230513	14:40:41	38bd27d8-ff17-4da5-83a8-5a561bcea96a	GET	/products	http://localhost:4200
20230513	14:40:41	3005fd52-ac6a-4a4a-8fd9-ab637cc3f278	GET	/products	http://localhost:4200
20230513	14:42:21	e34c7062-089d-48d8-bec2-10d0650baf7c	GET	/products	http://localhost:4200
20230513	14:42:21	274d5fe9-35da-4974-8c91-3f98fd06e72e	GET	/products	http://localhost:4200
20230513	14:42:46	d0978c67-b56e-4f74-84d5-8558ac5fbbb0	GET	/products	http://localhost:4200
20230513	14:42:46	84c1a43e-4351-4a33-a240-87fe9b5ec6fc	GET	/products	http://localhost:4200
20230513	14:42:51	f7cbcad6-e1bd-4820-9c0f-a13e4d1526a3	GET	/products	http://localhost:4200
20230513	14:43:11	757de1b8-5890-4a23-a96c-1a0ba5b1888f	GET	/products	http://localhost:4200
20230513	14:44:17	09dc2d62-916a-450f-88d8-116507841ccb	GET	/products	http://localhost:4200
20230513	14:44:17	833f7f6a-1fc5-4094-9814-8116852f2acd	GET	/products	http://localhost:4200
20230513	14:44:25	ee4d3765-52be-49ea-bba2-3f4ca1c5709f	GET	/products	http://localhost:4200
20230513	14:44:43	30287cf9-1444-4b0c-be1e-b3da658fbc80	GET	/products	http://localhost:4200
20230513	14:45:42	21289920-46f4-4268-869b-c3dd1c0f3f30	GET	/products	http://localhost:4200
20230513	14:45:45	f5bcbc2c-543e-4b7a-b568-2b7c9ca5d75a	GET	/products	http://localhost:4200
20230513	14:45:54	01a2c25f-e593-4773-b26f-cb17fa1e0cb6	GET	/products	http://localhost:4200
20230513	14:46:01	6954d959-7279-416f-91a2-df2805bd8d71	GET	/products	http://localhost:4200
20230513	14:46:51	649c6e38-7606-4113-87ad-8851848b0900	GET	/products	http://localhost:4200
20230513	14:51:15	a2089ba3-1f36-4026-a8f7-477680cf9645	GET	/products	http://localhost:4200
20230513	14:51:44	3d638f95-4d75-4da5-87a0-21d1d6ba34e1	GET	/products	http://localhost:4200
20230513	14:51:44	eebee674-f08f-403f-bbe9-377e28a427a4	GET	/products	http://localhost:4200
20230513	15:05:58	b8058cfc-b193-4a1c-bbe8-f6ccd3d19876	GET	/products	http://localhost:4200
20230513	15:05:58	b50ae8fd-7d59-4f4a-81f9-05034da5c99b	GET	/products	http://localhost:4200
20230513	15:08:08	520e5218-91b2-4cc1-b64b-e9cd31ae00bd	GET	/products	http://localhost:4200
20230513	15:08:08	f5cbadbd-251b-4cdf-ad2e-d1e3eb225a52	GET	/products	http://localhost:4200
20230513	15:09:05	d52e24ab-fecf-49f6-b8c1-84d0c196db8f	GET	/products	http://localhost:4200
20230513	15:09:27	69e303ad-8983-40d6-a46b-6bfb73b3f05b	GET	/products	http://localhost:4200
20230513	15:11:19	58c801cf-f1e3-4082-8ae1-9cd6232a5494	GET	/products	http://localhost:4200
20230513	15:15:15	b92a777e-67c7-4a72-902b-6c0ea20c3789	GET	/products	http://localhost:4200
20230513	15:15:15	802f40ff-fd23-4ce1-b48f-0edcdfcde78c	GET	/products	http://localhost:4200
20230513	15:20:28	66cc8272-1ec0-4b6a-a418-0ca2ca17c171	GET	/products	http://localhost:4200
20230513	15:20:28	95d77c49-dbc8-43fa-9482-b73c10fcf0e5	GET	/products	http://localhost:4200
20230513	15:34:57	88c35df6-c079-4982-8a30-5b963d758fef	GET	/products	http://localhost:4200
20230513	15:34:57	c7e5f44f-4aae-4d46-aa56-e65ccb30cc18	GET	/products	http://localhost:4200
20230513	15:37:05	e18ea499-1f7b-4df7-b4b1-cd162b6c252d	GET	/products	http://localhost:4200
20230513	15:37:06	7e902d5f-fc34-445d-b80d-ebe6e05c93ea	GET	/products	http://localhost:4200
20230513	15:38:13	cfe035ae-3dea-4084-bde2-692d8d1c21c0	GET	/products	http://localhost:4200
20230513	15:38:13	04a902f7-2f99-4d09-8095-d2fdb634a03a	GET	/products	http://localhost:4200
20230513	15:39:42	96d367fe-35bd-434d-88f2-9755da24f899	GET	/products	http://localhost:4200
20230513	15:39:42	b477ab69-2f5b-4df9-b28a-347fd2b35d31	GET	/products	http://localhost:4200
20230513	15:40:02	2ea7ab35-663f-4798-b9ca-d2690635fe82	GET	/products	http://localhost:4200
20230513	15:40:06	b9868d6f-bfc8-4141-a2c8-4bd4c57e4340	GET	/products	http://localhost:4200
20230513	15:40:11	bc7c7f71-51a6-4530-bdf1-060a093709f9	GET	/products	http://localhost:4200
20230513	15:41:57	2e7b88fd-953f-4f23-a5be-0e1db74a9377	GET	/products	http://localhost:4200
20230513	15:41:57	d03a85c3-e108-49f7-86ca-386a5a7bc839	GET	/products	http://localhost:4200
20230513	15:42:01	2dae24c5-fc20-4354-8068-f47229b69209	GET	/products	http://localhost:4200
20230513	15:42:52	d0d1530f-e010-4a81-aa32-69b6a425b31f	GET	/products	http://localhost:4200
20230513	15:42:52	ff605802-5cbe-467d-a9f9-e4b3c89e54e3	GET	/products	http://localhost:4200
20230513	15:44:58	f1f56ed5-cc17-4ade-b6c4-05c7b24cc23f	GET	/products	http://localhost:4200
20230513	15:45:55	f287a308-b012-456a-b4bf-cf970023f037	GET	/products	http://localhost:4200
20230513	15:47:13	2281b074-49c0-4740-b4b5-f269706f0061	GET	/products	http://localhost:4200
20230513	15:47:13	a3808040-7c9c-4239-b979-da687b249651	GET	/products	http://localhost:4200
20230513	15:48:01	e4a9080f-73cd-4e2a-ac88-0db8ef8bc821	GET	/products	http://localhost:4200
20230513	15:48:01	5bec9c40-fe8e-42e6-95d6-a1bb04e8ad5e	GET	/products	http://localhost:4200
20230513	15:48:29	a8bd74db-8460-4dca-a8ea-e65260688515	GET	/products	http://localhost:4200
20230513	15:48:29	28ee2d2e-5c68-48ee-b2ef-61c52f8135e2	GET	/products	http://localhost:4200
20230513	15:48:49	9d130df7-74c0-4331-9e08-bba4b3314d2c	GET	/products	http://localhost:4200
20230513	15:48:49	77065073-6c5b-413d-b520-ac2e265da12d	GET	/products	http://localhost:4200
20230513	15:49:16	e43561de-a437-4826-b2fe-257b958f8042	GET	/products	http://localhost:4200
20230513	15:49:16	71875214-f09f-4a47-9da6-018484ccee6a	GET	/products	http://localhost:4200
20230513	15:50:27	5d41f740-1e99-4ff4-8274-f7d3a43df98c	GET	/products	http://localhost:4200
20230513	15:50:27	5e3fc422-5070-4b9e-8d92-81bd4761258b	GET	/products	http://localhost:4200
20230513	15:50:40	8e4d3134-fbb6-40a9-9a9f-4fd848635f5b	GET	/products	http://localhost:4200
20230513	15:50:40	f84df61f-ffa6-433f-95f7-aa5437d18dab	GET	/products	http://localhost:4200
20230513	15:52:40	7e02dcfa-bec5-4072-a918-b47b562b4083	GET	/products	http://localhost:4200
20230513	15:52:40	b0d9685c-c68a-47a2-ba8d-1bd1a6f600e0	GET	/products	http://localhost:4200
